<?xml version="1.0" encoding="UTF-8"?>
<!-- Generated by org.testng.reporters.JUnitXMLReporter -->
<testsuite ignored="0" hostname="phood" failures="0" tests="3" name="Test" time="54.275" errors="0" timestamp="14 Jul 2020 16:51:14 GMT">
  <testcase classname="com.product.qa.testcases.HomePageTest" name="@BeforeMethod setUp" time="54.22">
    <failure type="org.openqa.selenium.ElementClickInterceptedException" message="element click intercepted: Element &amp;lt;path fill=&amp;quot;currentColor&amp;quot; d=&amp;quot;M5.9 4.5l2.8-2.8c.4-.4.4-1 0-1.4-.4-.4-1-.4-1.4 0L4.5 3.1 1.7.3C1.3-.1.7-.1.3.3c-.4.4-.4 1 0 1.4l2.8 2.8L.3 7.4c-.4.4-.4 1 0 1.4.2.2.4.3.7.3s.5-.1.7-.3L4.5 6l2.8 2.8c.3.2.5.3.8.3s.5-.1.7-.3c.4-.4.4-1 0-1.4L5.9 4.5z&amp;quot;&amp;gt;&amp;lt;/path&amp;gt; is not clickable at point (637, 55). Other element would receive the click: &amp;lt;div class=&amp;quot;popover-body-message&amp;quot;&amp;gt;...&amp;lt;/div&amp;gt;
  (Session info: chrome=83.0.4103.116)
Build info: version: &amp;apos;3.141.59&amp;apos;, revision: &amp;apos;e82be7d358&amp;apos;, time: &amp;apos;2018-11-14T08:17:03&amp;apos;
System info: host: &amp;apos;PHOOD&amp;apos;, ip: &amp;apos;192.168.43.166&amp;apos;, os.name: &amp;apos;Windows 10&amp;apos;, os.arch: &amp;apos;amd64&amp;apos;, os.version: &amp;apos;10.0&amp;apos;, java.version: &amp;apos;14.0.1&amp;apos;
Driver info: org.openqa.selenium.chrome.ChromeDriver
Capabilities {acceptInsecureCerts: false, browserName: chrome, browserVersion: 83.0.4103.116, chrome: {chromedriverVersion: 83.0.4103.39 (ccbf011cb2d2b..., userDataDir: C:\Users\Pratik Hood\AppDat...}, goog:chromeOptions: {debuggerAddress: localhost:57081}, javascriptEnabled: true, networkConnectionEnabled: false, pageLoadStrategy: normal, platform: WINDOWS, platformName: WINDOWS, proxy: Proxy(), setWindowRect: true, strictFileInteractability: false, timeouts: {implicit: 0, pageLoad: 300000, script: 30000}, unhandledPromptBehavior: dismiss and notify, webauthn:virtualAuthenticators: true}
Session ID: 5b1b71d7942be56da526456d490771dd">
      <![CDATA[org.openqa.selenium.ElementClickInterceptedException: element click intercepted: Element <path fill="currentColor" d="M5.9 4.5l2.8-2.8c.4-.4.4-1 0-1.4-.4-.4-1-.4-1.4 0L4.5 3.1 1.7.3C1.3-.1.7-.1.3.3c-.4.4-.4 1 0 1.4l2.8 2.8L.3 7.4c-.4.4-.4 1 0 1.4.2.2.4.3.7.3s.5-.1.7-.3L4.5 6l2.8 2.8c.3.2.5.3.8.3s.5-.1.7-.3c.4-.4.4-1 0-1.4L5.9 4.5z"></path> is not clickable at point (637, 55). Other element would receive the click: <div class="popover-body-message">...</div>  (Session info: chrome=83.0.4103.116)Build info: version: '3.141.59', revision: 'e82be7d358', time: '2018-11-14T08:17:03'System info: host: 'PHOOD', ip: '192.168.43.166', os.name: 'Windows 10', os.arch: 'amd64', os.version: '10.0', java.version: '14.0.1'Driver info: org.openqa.selenium.chrome.ChromeDriverCapabilities {acceptInsecureCerts: false, browserName: chrome, browserVersion: 83.0.4103.116, chrome: {chromedriverVersion: 83.0.4103.39 (ccbf011cb2d2b..., userDataDir: C:\Users\Pratik Hood\AppDat...}, goog:chromeOptions: {debuggerAddress: localhost:57081}, javascriptEnabled: true, networkConnectionEnabled: false, pageLoadStrategy: normal, platform: WINDOWS, platformName: WINDOWS, proxy: Proxy(), setWindowRect: true, strictFileInteractability: false, timeouts: {implicit: 0, pageLoad: 300000, script: 30000}, unhandledPromptBehavior: dismiss and notify, webauthn:virtualAuthenticators: true}Session ID: 5b1b71d7942be56da526456d490771ddat org.openqa.selenium.remote.http.W3CHttpResponseCodec.createException(W3CHttpResponseCodec.java:187)at org.openqa.selenium.remote.http.W3CHttpResponseCodec.decode(W3CHttpResponseCodec.java:122)at org.openqa.selenium.remote.http.W3CHttpResponseCodec.decode(W3CHttpResponseCodec.java:49)at org.openqa.selenium.remote.HttpCommandExecutor.execute(HttpCommandExecutor.java:158)at org.openqa.selenium.remote.service.DriverCommandExecutor.execute(DriverCommandExecutor.java:83)at org.openqa.selenium.remote.RemoteWebDriver.execute(RemoteWebDriver.java:552)at org.openqa.selenium.remote.RemoteWebElement.execute(RemoteWebElement.java:285)at org.openqa.selenium.remote.RemoteWebElement.click(RemoteWebElement.java:84)at org.openqa.selenium.support.pagefactory.internal.LocatingElementHandler.invoke(LocatingElementHandler.java:51)at com.sun.proxy.$Proxy13.click(Unknown Source)at com.product.qa.pages.LoginPage.login(LoginPage.java:108)at com.product.qa.testcases.HomePageTest.setUp(HomePageTest.java:31)... Removed 37 stack frames]]>
    </failure>
  </testcase> <!-- @BeforeMethod setUp -->
  <testcase classname="com.product.qa.testcases.HomePageTest" name="@AfterMethod tearDown" time="0.0">
    <skipped/>
  </testcase> <!-- @AfterMethod tearDown -->
  <testcase classname="com.product.qa.testcases.HomePageTest" name="@BeforeMethod setUp" time="0.0">
    <skipped/>
  </testcase> <!-- @BeforeMethod setUp -->
  <testcase classname="com.product.qa.testcases.HomePageTest" name="@AfterMethod tearDown" time="0.0">
    <skipped/>
  </testcase> <!-- @AfterMethod tearDown -->
  <testcase classname="com.product.qa.testcases.HomePageTest" name="@BeforeMethod setUp" time="0.0">
    <skipped/>
  </testcase> <!-- @BeforeMethod setUp -->
  <testcase classname="com.product.qa.testcases.HomePageTest" name="@AfterMethod tearDown" time="0.0">
    <skipped/>
  </testcase> <!-- @AfterMethod tearDown -->
  <testcase classname="com.product.qa.testcases.HomePageTest" name="VerifyHomePageTitleTest" time="0.0">
    <skipped/>
  </testcase> <!-- VerifyHomePageTitleTest -->
  <testcase classname="com.product.qa.testcases.HomePageTest" name="VerifyMzLogotest" time="0.0">
    <skipped/>
  </testcase> <!-- VerifyMzLogotest -->
  <testcase classname="com.product.qa.testcases.HomePageTest" name="VerifyCoursesLinkTest" time="0.0">
    <skipped/>
  </testcase> <!-- VerifyCoursesLinkTest -->
</testsuite> <!-- Test -->
